\BOOKMARK [-1][]{ctitle.-1}{\376\377\127\372\116\216\145\351\176\310\153\142\166\204\000A\000V\0001\211\306\230\221\177\026\170\001\122\240\220\037}{}% 1
\BOOKMARK [0][]{thuchapter.1.0}{\376\377\116\055\145\207\144\130\211\201}{ctitle.-1}% 2
\BOOKMARK [0][]{thuchapter.2.0}{\376\377\000A\000B\000S\000T\000R\000A\000C\000T}{ctitle.-1}% 3
\BOOKMARK [0][]{thuchapter.3.0}{\376\377\166\356\000\040\137\125}{ctitle.-1}% 4
\BOOKMARK [0][]{thuchapter.4.0}{\376\377\116\073\211\201\173\046\123\367\133\371\161\147\210\150}{ctitle.-1}% 5
\BOOKMARK [0][]{chapter.1}{\376\377\173\054\0001\172\340\000\040\145\071\122\250\060\002\136\046\000\040\000E\000n\000g\000l\000i\000s\000h\000\040\166\204\150\007\230\230}{ctitle.-1}% 6
\BOOKMARK [1][-]{section.1.1}{\376\377\0001\000.\0001\000\040\134\001\227\142\166\370\121\163}{chapter.1}% 7
\BOOKMARK [1][-]{section.1.2}{\376\377\0001\000.\0002\000\040\133\127\117\123\124\175\116\344}{chapter.1}% 8
\BOOKMARK [1][-]{section.1.3}{\376\377\0001\000.\0003\000\040\210\150\150\074\150\067\147\054}{chapter.1}% 9
\BOOKMARK [2][-]{subsection.1.3.1}{\376\377\0001\000.\0003\000.\0001\000\040\127\372\147\054\210\150\150\074}{section.1.3}% 10
\BOOKMARK [2][-]{subsection.1.3.2}{\376\377\0001\000.\0003\000.\0002\000\040\131\015\147\102\210\150\150\074}{section.1.3}% 11
\BOOKMARK [2][-]{subsection.1.3.3}{\376\377\0001\000.\0003\000.\0003\000\040\121\166\133\203}{section.1.3}% 12
\BOOKMARK [1][-]{section.1.4}{\376\377\0001\000.\0004\000\040\133\232\164\006\163\257\130\203}{chapter.1}% 13
\BOOKMARK [1][-]{section.1.5}{\376\377\0001\000.\0005\000\040\123\302\200\003\145\207\163\056}{chapter.1}% 14
\BOOKMARK [1][-]{section.1.6}{\376\377\0001\000.\0006\000\040\121\154\137\017}{chapter.1}% 15
\BOOKMARK [0][]{chapter.2}{\376\377\173\054\0002\172\340\000\040\116\055\123\116\116\272\154\021\121\161\124\214\126\375}{ctitle.-1}% 16
\BOOKMARK [1][-]{section.2.1}{\376\377\0002\000.\0001\000\040\121\166\133\203\117\213\133\120}{chapter.2}% 17
\BOOKMARK [2][-]{subsection.2.1.1}{\376\377\0002\000.\0001\000.\0001\000\040\176\330\126\376}{section.2.1}% 18
\BOOKMARK [2][-]{subsection.2.1.2}{\376\377\0002\000.\0001\000.\0002\000\040\143\322\126\376}{section.2.1}% 19
\BOOKMARK [0][]{section*.20}{\376\377\143\322\126\376\175\042\137\025}{ctitle.-1}% 20
\BOOKMARK [0][]{section*.22}{\376\377\210\150\150\074\175\042\137\025}{ctitle.-1}% 21
\BOOKMARK [0][]{section*.24}{\376\377\121\154\137\017\175\042\137\025}{ctitle.-1}% 22
\BOOKMARK [0][]{section*.26}{\376\377\123\302\200\003\145\207\163\056}{ctitle.-1}% 23
\BOOKMARK [0][]{section*.28}{\376\377\201\364\000\040\214\042}{ctitle.-1}% 24
\BOOKMARK [0][]{section*.30}{\376\377\130\360\000\040\146\016}{ctitle.-1}% 25
\BOOKMARK [0][]{appendix.A}{\376\377\226\104\137\125\000\040\000A\000\040\116\146\227\142\177\373\213\321\0001}{ctitle.-1}% 26
\BOOKMARK [1][-]{section.A.1}{\376\377\000A\000.\0001\000\040\137\025\212\000}{appendix.A}% 27
\BOOKMARK [1][-]{section.A.2}{\376\377\000A\000.\0002\000\040\127\372\116\216\150\021\122\152\147\235\166\204\137\353\220\037\177\026\170\001\123\125\121\103\143\250\145\255}{appendix.A}% 28
\BOOKMARK [1][-]{section.A.3}{\376\377\000A\000.\0003\000\040\133\236\232\214\176\323\147\234}{appendix.A}% 29
\BOOKMARK [1][-]{section.A.4}{\376\377\000A\000.\0004\000\040\176\323\213\272}{appendix.A}% 30
\BOOKMARK [0][]{appendix.B}{\376\377\226\104\137\125\000\040\000B\000\040\116\146\227\142\177\373\213\321\0002}{ctitle.-1}% 31
\BOOKMARK [1][-]{section.B.1}{\376\377\000B\000.\0001\000\040\137\025\212\000}{appendix.B}% 32
\BOOKMARK [1][-]{section.B.2}{\376\377\000B\000.\0002\000\040\145\351\176\310\153\142\173\227\154\325}{appendix.B}% 33
\BOOKMARK [2][-]{subsection.B.2.1}{\376\377\000B\000.\0002\000.\0001\000\040\123\357\123\330\127\127\131\047\134\017\226\366\217\320\122\250\143\250\145\255}{section.B.2}% 34
\BOOKMARK [2][-]{subsection.B.2.2}{\376\377\000B\000.\0002\000.\0002\000\040\123\357\123\330\127\127\131\047\134\017\147\000\117\163\217\320\122\250\143\250\145\255}{section.B.2}% 35
\BOOKMARK [1][-]{section.B.3}{\376\377\000B\000.\0003\000\040\152\041\142\337\176\323\147\234}{appendix.B}% 36
\BOOKMARK [1][-]{section.B.4}{\376\377\000B\000.\0004\000\040\176\323\213\272}{appendix.B}% 37
