\BOOKMARK [1][-]{toc1.1}{\376\377\166\356\137\125}{}% 1
\BOOKMARK [1][-]{section.1}{\376\377\0001\000\040\152\041\147\177\116\313\176\315}{}% 2
\BOOKMARK [1][-]{section.2}{\376\377\0002\000\040\133\211\210\305}{}% 3
\BOOKMARK [2][-]{subsection.2.1}{\376\377\0002\000.\0001\000\040\152\041\147\177\166\204\176\304\142\020}{section.2}% 4
\BOOKMARK [2][-]{subsection.2.2}{\376\377\0002\000.\0002\000\040\165\037\142\020\152\041\147\177}{section.2}% 5
\BOOKMARK [2][-]{subsection.2.3}{\376\377\0002\000.\0003\000\040\165\037\142\020\213\272\145\207}{section.2}% 6
\BOOKMARK [3][-]{subsubsection.2.3.1}{\376\377\0002\000.\0003\000.\0001\000\040\000X\0000\000.\0005\000e\000x\0000\000.\0005\000e\000x\000E\000p\000d\000f\000:\000b\000t\000r\000a\000n\000s\000x\000:\000s\000c\000a\000l\000e\000\040\000\040\000t\000o\000p\000d\000f\000:\000e\000t\000r\000a\000n\000s\0001\0001\000t\000o\040\023\0001\0000\000.\0005\000e\000x\000L\000a\000T\000e\000X}{subsection.2.3}% 7
\BOOKMARK [3][-]{subsubsection.2.3.2}{\376\377\0002\000.\0003\000.\0002\000\040\000P\000D\000F\000L\000a\000T\000e\000X}{subsection.2.3}% 8
\BOOKMARK [3][-]{subsubsection.2.3.3}{\376\377\0002\000.\0003\000.\0003\000\040\000l\000a\000t\000e\000x\000m\000k}{subsection.2.3}% 9
\BOOKMARK [3][-]{subsubsection.2.3.4}{\376\377\0002\000.\0003\000.\0004\000\040\000m\000a\000k\000e}{subsection.2.3}% 10
\BOOKMARK [2][-]{subsection.2.4}{\376\377\0002\000.\0004\000\040\123\107\176\247}{section.2}% 11
\BOOKMARK [1][-]{section.3}{\376\377\0003\000\040\117\177\165\050\213\364\146\016}{}% 12
\BOOKMARK [2][-]{subsection.3.1}{\376\377\0003\000.\0001\000\040\121\163\116\216\143\320\225\356}{section.3}% 13
\BOOKMARK [2][-]{subsection.3.2}{\376\377\0003\000.\0002\000\040\171\072\117\213\145\207\116\366}{section.3}% 14
\BOOKMARK [2][-]{subsection.3.3}{\376\377\0003\000.\0003\000\040\213\272\145\207\220\011\230\171}{section.3}% 15
\BOOKMARK [2][-]{subsection.3.4}{\376\377\0003\000.\0004\000\040\137\025\165\050\145\271\137\017}{section.3}% 16
\BOOKMARK [2][-]{subsection.3.5}{\376\377\0003\000.\0005\000\040\116\055\145\207\133\127\117\123}{section.3}% 17
\BOOKMARK [3][-]{subsubsection.3.5.1}{\376\377\0003\000.\0005\000.\0001\000\040\133\127\117\123\221\115\177\156}{subsection.3.5}% 18
\BOOKMARK [3][-]{subsubsection.3.5.2}{\376\377\0003\000.\0005\000.\0002\000\040\133\127\117\123\124\175\116\344}{subsection.3.5}% 19
\BOOKMARK [2][-]{subsection.3.6}{\376\377\0003\000.\0006\000\040\134\001\227\142\117\341\140\157}{section.3}% 20
\BOOKMARK [3][-]{subsubsection.3.6.1}{\376\377\0003\000.\0006\000.\0001\000\040\133\306\176\247}{subsection.3.6}% 21
\BOOKMARK [3][-]{subsubsection.3.6.2}{\376\377\0003\000.\0006\000.\0002\000\040\123\132\130\353\124\016\116\023\165\050\123\302\145\160}{subsection.3.6}% 22
\BOOKMARK [3][-]{subsubsection.3.6.3}{\376\377\0003\000.\0006\000.\0003\000\040\213\272\145\207\150\007\230\230}{subsection.3.6}% 23
\BOOKMARK [3][-]{subsubsection.3.6.4}{\376\377\0003\000.\0006\000.\0004\000\040\117\134\200\005\131\323\124\015}{subsection.3.6}% 24
\BOOKMARK [3][-]{subsubsection.3.6.5}{\376\377\0003\000.\0006\000.\0005\000\040\165\063\213\367\133\146\117\115\124\015\171\360}{subsection.3.6}% 25
\BOOKMARK [3][-]{subsubsection.3.6.6}{\376\377\0003\000.\0006\000.\0006\000\040\226\142\174\373\124\015\171\360}{subsection.3.6}% 26
\BOOKMARK [3][-]{subsubsection.3.6.7}{\376\377\0003\000.\0006\000.\0007\000\040\116\023\116\032\124\015\171\360}{subsection.3.6}% 27
\BOOKMARK [3][-]{subsubsection.3.6.8}{\376\377\0003\000.\0006\000.\0008\000\040\133\374\136\010}{subsection.3.6}% 28
\BOOKMARK [3][-]{subsubsection.3.6.9}{\376\377\0003\000.\0006\000.\0009\000\040\142\020\145\207\145\345\147\037}{subsection.3.6}% 29
\BOOKMARK [3][-]{subsubsection.3.6.10}{\376\377\0003\000.\0006\000.\0001\0000\000\040\144\130\211\201}{subsection.3.6}% 30
\BOOKMARK [3][-]{subsubsection.3.6.11}{\376\377\0003\000.\0006\000.\0001\0001\000\040\173\046\123\367\133\371\161\147\210\150}{subsection.3.6}% 31
\BOOKMARK [2][-]{subsection.3.7}{\376\377\0003\000.\0007\000\040\166\356\137\125\124\214\175\042\137\025\210\150}{section.3}% 32
\BOOKMARK [2][-]{subsection.3.8}{\376\377\0003\000.\0008\000\040\134\001\136\225\220\350\122\006}{section.3}% 33
\BOOKMARK [3][-]{subsubsection.3.8.1}{\376\377\0003\000.\0008\000.\0001\000\040\201\364\214\042\130\360\146\016}{subsection.3.8}% 34
\BOOKMARK [3][-]{subsubsection.3.8.2}{\376\377\0003\000.\0008\000.\0002\000\040\226\104\137\125}{subsection.3.8}% 35
\BOOKMARK [3][-]{subsubsection.3.8.3}{\376\377\0003\000.\0008\000.\0003\000\040\173\200\123\206}{subsection.3.8}% 36
\BOOKMARK [2][-]{subsection.3.9}{\376\377\0003\000.\0009\000\040\116\146\201\012}{section.3}% 37
\BOOKMARK [2][-]{subsection.3.10}{\376\377\0003\000.\0001\0000\000\040\201\352\133\232\116\111}{section.3}% 38
\BOOKMARK [3][-]{subsubsection.3.10.1}{\376\377\0003\000.\0001\0000\000.\0001\000\040\145\160\133\146\163\257\130\203}{subsection.3.10}% 39
\BOOKMARK [3][-]{subsubsection.3.10.2}{\376\377\0003\000.\0001\0000\000.\0002\000\040\122\027\210\150\163\257\130\203}{subsection.3.10}% 40
\BOOKMARK [2][-]{subsection.3.11}{\376\377\0003\000.\0001\0001\000\040\121\166\133\203}{section.3}% 41
\BOOKMARK [1][-]{section.4}{\376\377\0004\000\040\201\364\214\042}{}% 42
\BOOKMARK [1][-]{section.5}{\376\377\0005\000\040\133\236\163\260\176\306\202\202}{}% 43
\BOOKMARK [2][-]{subsection.5.1}{\376\377\0005\000.\0001\000\040\127\372\147\054\117\341\140\157}{section.5}% 44
\BOOKMARK [2][-]{subsection.5.2}{\376\377\0005\000.\0002\000\040\133\232\116\111\220\011\230\171}{section.5}% 45
\BOOKMARK [2][-]{subsection.5.3}{\376\377\0005\000.\0003\000\040\210\305\217\175\133\217\123\005}{section.5}% 46
\BOOKMARK [2][-]{subsection.5.4}{\376\377\0005\000.\0004\000\040\230\165\227\142\213\276\177\156}{section.5}% 47
\BOOKMARK [2][-]{subsection.5.5}{\376\377\0005\000.\0005\000\040\116\073\145\207\150\143\150\074\137\017}{section.5}% 48
\BOOKMARK [3][-]{subsubsection.5.5.1}{\376\377\0005\000.\0005\000.\0001\000\040\000T\000h\000r\000e\000e\000\040\000m\000a\000t\000t\000e\000r\000s}{subsection.5.5}% 49
\BOOKMARK [3][-]{subsubsection.5.5.2}{\376\377\0005\000.\0005\000.\0002\000\040\133\127\117\123}{subsection.5.5}% 50
\BOOKMARK [3][-]{subsubsection.5.5.3}{\376\377\0005\000.\0005\000.\0003\000\040\230\165\167\011\230\165\201\032}{subsection.5.5}% 51
\BOOKMARK [3][-]{subsubsection.5.5.4}{\376\377\0005\000.\0005\000.\0004\000\040\153\265\204\075}{subsection.5.5}% 52
\BOOKMARK [3][-]{subsubsection.5.5.5}{\376\377\0005\000.\0005\000.\0005\000\040\201\032\154\350}{subsection.5.5}% 53
\BOOKMARK [3][-]{subsubsection.5.5.6}{\376\377\0005\000.\0005\000.\0006\000\040\145\160\133\146\166\370\121\163}{subsection.5.5}% 54
\BOOKMARK [3][-]{subsubsection.5.5.7}{\376\377\0005\000.\0005\000.\0007\000\040\155\156\122\250\133\371\214\141\116\345\123\312\210\150\150\074}{subsection.5.5}% 55
\BOOKMARK [3][-]{subsubsection.5.5.8}{\376\377\0005\000.\0005\000.\0008\000\040\172\340\202\202\150\007\230\230}{subsection.5.5}% 56
\BOOKMARK [3][-]{subsubsection.5.5.9}{\376\377\0005\000.\0005\000.\0009\000\040\166\356\137\125}{subsection.5.5}% 57
\BOOKMARK [3][-]{subsubsection.5.5.10}{\376\377\0005\000.\0005\000.\0001\0000\000\040\134\001\227\142\124\214\134\001\136\225}{subsection.5.5}% 58
\BOOKMARK [3][-]{subsubsection.5.5.11}{\376\377\0005\000.\0005\000.\0001\0001\000\040\144\130\211\201}{subsection.5.5}% 59
\BOOKMARK [3][-]{subsubsection.5.5.12}{\376\377\0005\000.\0005\000.\0001\0002\000\040\116\073\211\201\173\046\123\367\210\150}{subsection.5.5}% 60
\BOOKMARK [3][-]{subsubsection.5.5.13}{\376\377\0005\000.\0005\000.\0001\0003\000\040\201\364\214\042\116\345\123\312\130\360\146\016}{subsection.5.5}% 61
\BOOKMARK [3][-]{subsubsection.5.5.14}{\376\377\0005\000.\0005\000.\0001\0004\000\040\126\376\210\150\175\042\137\025}{subsection.5.5}% 62
\BOOKMARK [2][-]{subsection.5.6}{\376\377\0005\000.\0006\000\040\123\302\200\003\145\207\163\056}{section.5}% 63
\BOOKMARK [2][-]{subsection.5.7}{\376\377\0005\000.\0007\000\040\226\104\137\125}{section.5}% 64
\BOOKMARK [2][-]{subsection.5.8}{\376\377\0005\000.\0008\000\040\116\052\116\272\173\200\123\206}{section.5}% 65
\BOOKMARK [2][-]{subsection.5.9}{\376\377\0005\000.\0009\000\040\116\146\201\012}{section.5}% 66
\BOOKMARK [2][-]{subsection.5.10}{\376\377\0005\000.\0001\0000\000\040\121\166\133\203}{section.5}% 67
\BOOKMARK [1][-]{glossary2.1}{\376\377\117\356\145\071\213\260\137\125}{}% 68
\BOOKMARK [1][-]{index3.1}{\376\377\175\042\137\025}{}% 69
\BOOKMARK [2][-]{HD.Symbols.2}{\376\377\000S\000y\000m\000b\000o\000l\000s}{index3.1}% 70
\BOOKMARK [2][-]{HD.A.2}{\376\377\000A}{index3.1}% 71
\BOOKMARK [2][-]{HD.B.2}{\376\377\000B}{index3.1}% 72
\BOOKMARK [2][-]{HD.C.2}{\376\377\000C}{index3.1}% 73
\BOOKMARK [2][-]{HD.D.2}{\376\377\000D}{index3.1}% 74
\BOOKMARK [2][-]{HD.E.2}{\376\377\000E}{index3.1}% 75
\BOOKMARK [2][-]{HD.F.2}{\376\377\000F}{index3.1}% 76
\BOOKMARK [2][-]{HD.G.2}{\376\377\000G}{index3.1}% 77
\BOOKMARK [2][-]{HD.H.2}{\376\377\000H}{index3.1}% 78
\BOOKMARK [2][-]{HD.I.2}{\376\377\000I}{index3.1}% 79
\BOOKMARK [2][-]{HD.K.2}{\376\377\000K}{index3.1}% 80
\BOOKMARK [2][-]{HD.L.2}{\376\377\000L}{index3.1}% 81
\BOOKMARK [2][-]{HD.M.2}{\376\377\000M}{index3.1}% 82
\BOOKMARK [2][-]{HD.N.2}{\376\377\000N}{index3.1}% 83
\BOOKMARK [2][-]{HD.O.2}{\376\377\000O}{index3.1}% 84
\BOOKMARK [2][-]{HD.P.2}{\376\377\000P}{index3.1}% 85
\BOOKMARK [2][-]{HD.Q.2}{\376\377\000Q}{index3.1}% 86
\BOOKMARK [2][-]{HD.R.2}{\376\377\000R}{index3.1}% 87
\BOOKMARK [2][-]{HD.S.2}{\376\377\000S}{index3.1}% 88
\BOOKMARK [2][-]{HD.T.2}{\376\377\000T}{index3.1}% 89
\BOOKMARK [2][-]{HD.U.2}{\376\377\000U}{index3.1}% 90
\BOOKMARK [2][-]{HD.V.2}{\376\377\000V}{index3.1}% 91
\BOOKMARK [2][-]{HD.W.2}{\376\377\000W}{index3.1}% 92
\BOOKMARK [2][-]{HD.X.2}{\376\377\000X}{index3.1}% 93
\BOOKMARK [2][-]{HD.Y.2}{\376\377\000Y}{index3.1}% 94
\BOOKMARK [2][-]{HD.Z.2}{\376\377\000Z}{index3.1}% 95
